[38;5;112m[Appium][0m Welcome to Appium v2.12.1
[38;5;112m[Appium][0m Non-default server args:
[38;5;112m[Appium][0m { basePath: [32m'/wd/hub'[39m, loglevel: [32m'info'[39m, port: [33m52319[39m }
[38;5;112m[Appium][0m Attempting to load driver uiautomator2...
[38;5;112m[Appium][0m Appium REST http interface listener started on http://0.0.0.0:52319/wd/hub
[38;5;112m[Appium][0m You can provide the following URLs in your client code to connect to this server:
	http://192.168.1.6:52319/wd/hub
	http://127.0.0.1:52319/wd/hub (only accessible from the same host)
[38;5;112m[Appium][0m Available drivers:
[38;5;112m[Appium][0m   - uiautomator2@3.8.1 (automationName 'UiAutomator2')
[38;5;112m[Appium][0m No plugins have been installed. Use the "appium plugin" command to install the one(s) you want to use.
[38;5;86m[HTTP][0m [37m-->[39m [37mGET[39m [37m/wd/hub/status[39m [90m{}[39m
[38;5;86m[HTTP][0m [37m<-- GET /wd/hub/status [39m[32m200[39m [90m3 ms - 111[39m [90m[39m
[38;5;86m[HTTP][0m [37m-->[39m [37mPOST[39m [37m/wd/hub/session[39m [90m{"desiredCapabilities":{"appium:systemPort":52318,"appium:newCommandTimeout":1800,"appium:automationName":"uiautomator2","appium:fullReset":true,"appium:platformVersion":"13","appium:noReset":false,"appium:udid":"adb-0L52223V211051B6-b2JV8E._adb-tls-connect._tcp","appium:autoGrantPermissions":true,"appium:platformName":"ANDROID","appium:deviceName":"realme RMX3516 (Android 13)","platformName":"Android","appium:app":"C:\\Users\\aq\\Katalon Studio\\TAK_KatalonMobile\\androidapp\\Todo_2.0_APKPure.apk"},"capabilities":{"firstMatch":[{"appium:app":"C:\\Users\\aq\\Katalon Studio\\TAK_KatalonMobile\\androidapp\\Todo_2.0_APKPure.apk","appium:autoGrantPermissions":true,"appium:automationName":"uiautomator2","appium:deviceName":"realme RMX3516 (Android 13)","appium:fullReset":true,"appium:newCommandTimeout":1800,"appium:noReset":false,"appium:platformName":"ANDROID","appium:platformVersion":"13","appium:systemPort":52318,"appium:udid":"adb-0L52223V211051B6-b2JV8E._adb-tls-connect._tcp","platformName":"android"}]}}[39m
[38;5;123m[BaseDriver][0m Ignoring capability 'appium:platformName=ANDROID' and using capability 'platformName=android'
[38;5;123m[BaseDriver][0m The capabilities ["platformName"] are standard capabilities and do not require "appium:" prefix
[38;5;112m[Appium][0m Attempting to find matching driver for automationName 'uiautomator2' and platformName 'android'
[38;5;112m[Appium][0m The 'uiautomator2' driver was installed and matched caps.
[38;5;112m[Appium][0m Will require it at C:\Users\aq\.appium\node_modules\appium-uiautomator2-driver
[38;5;89m[AppiumDriver@1f5a][0m Appium v2.12.1 creating new AndroidUiautomator2Driver (v3.8.1) session
[38;5;89m[AppiumDriver@1f5a][0m Checking BaseDriver versions for Appium and AndroidUiautomator2Driver
[38;5;89m[AppiumDriver@1f5a][0m Appium's BaseDriver version is 9.12.1
[38;5;89m[AppiumDriver@1f5a][0m AndroidUiautomator2Driver's BaseDriver version is 9.12.1
[38;5;187m[cef423ce][0m[38;5;-81m[AndroidUiautomator2Driver@97cc][0m Session created with session id: cef423ce-6955-42e6-96fc-35db81c1cf38
[38;5;187m[cef423ce][0m[38;5;229m[ADB][0m Found 1 'build-tools' folders under 'C:\Users\aq\.katalon\tools\android_sdk' (newest first):
[38;5;187m[cef423ce][0m[38;5;229m[ADB][0m     C:\Users\aq\.katalon\tools\android_sdk\build-tools\29.0.3
[38;5;187m[cef423ce][0m[38;5;229m[ADB][0m Using 'adb.exe' from 'C:\Users\aq\.katalon\tools\android_sdk\platform-tools\adb.exe'
[38;5;187m[cef423ce][0m[38;5;-81m[AndroidUiautomator2Driver@97cc][0m Retrieving device list
[38;5;187m[cef423ce][0m[38;5;-81m[AndroidUiautomator2Driver@97cc][0m Using device: adb-0L52223V211051B6-b2JV8E._adb-tls-connect._tcp
[38;5;187m[cef423ce][0m[38;5;229m[ADB][0m Using 'adb.exe' from 'C:\Users\aq\.katalon\tools\android_sdk\platform-tools\adb.exe'
[38;5;187m[cef423ce][0m[38;5;123m[BaseDriver][0m Using local app 'C:\Users\aq\Katalon Studio\TAK_KatalonMobile\androidapp\Todo_2.0_APKPure.apk'
[38;5;187m[cef423ce][0m[38;5;229m[ADB][0m Getting device platform version
[38;5;187m[cef423ce][0m[38;5;-81m[AndroidUiautomator2Driver@97cc][0m Relaxing hidden api policy
[38;5;187m[cef423ce][0m[38;5;229m[ADB][0m Using 'aapt2.exe' from 'C:\Users\aq\.katalon\tools\android_sdk\build-tools\29.0.3\aapt2.exe'
[38;5;187m[cef423ce][0m[38;5;229m[ADB][0m Package name: 'com.avinashproduct.todo'
[38;5;187m[cef423ce][0m[38;5;229m[ADB][0m Main activity name: 'com.avinashproduct.todo.SplashScreenActivity'
[38;5;187m[cef423ce][0m[38;5;229m[ADB][0m Using 'apksigner.jar' from 'C:\Users\aq\.katalon\tools\android_sdk\build-tools\29.0.3\lib\apksigner.jar'
[38;5;187m[cef423ce][0m[38;5;-81m[AndroidUiautomator2Driver@97cc][0m Server packages are not going to be (re)installed
[38;5;187m[cef423ce][0m[38;5;229m[ADB][0m Adding packages ["io.appium.settings","io.appium.uiautomator2.server","io.appium.uiautomator2.server.test"] to Doze whitelist
[38;5;187m[cef423ce][0m[38;5;229m[ADB][0m 'C:\Users\aq\Katalon Studio\TAK_KatalonMobile\androidapp\Todo_2.0_APKPure.apk' is signed with a non-default certificate
[38;5;187m[cef423ce][0m[38;5;229m[ADB][0m com.avinashproduct.todo was not uninstalled, because it was not present on the device
[38;5;187m[cef423ce][0m[38;5;229m[ADB][0m The application at 'C:\Users\aq\Katalon Studio\TAK_KatalonMobile\androidapp\Todo_2.0_APKPure.apk' will not be cached, because the device under test has confirmed the support of streamed installs
[38;5;187m[cef423ce][0m[38;5;229m[ADB][0m The installation of 'Todo_2.0_APKPure.apk' took 8799ms
[38;5;187m[cef423ce][0m[38;5;-81m[AndroidUiautomator2Driver@97cc][0m Starting UIAutomator2 server 7.1.1
[38;5;187m[cef423ce][0m[38;5;-81m[AndroidUiautomator2Driver@97cc][0m Using UIAutomator2 server from 'C:\Users\aq\.appium\node_modules\appium-uiautomator2-driver\node_modules\appium-uiautomator2-server\apks\appium-uiautomator2-server-v7.1.1.apk' and test from 'C:\Users\aq\.appium\node_modules\appium-uiautomator2-driver\node_modules\appium-uiautomator2-server\apks\appium-uiautomator2-server-debug-androidTest.apk'
[38;5;187m[cef423ce][0m[38;5;-81m[AndroidUiautomator2Driver@97cc][0m Waiting up to 30000ms for UiAutomator2 to be online...
[38;5;187m[cef423ce][0m[38;5;-81m[AndroidUiautomator2Driver@97cc][0m socket hang up
[38;5;187m[cef423ce][0m[38;5;-81m[AndroidUiautomator2Driver@97cc][0m socket hang up
[38;5;187m[cef423ce][0m[38;5;-81m[AndroidUiautomator2Driver@97cc][0m socket hang up
[38;5;187m[cef423ce][0m[38;5;-81m[AndroidUiautomator2Driver@97cc][0m socket hang up
[38;5;187m[cef423ce][0m[38;5;-81m[AndroidUiautomator2Driver@97cc][0m socket hang up
[38;5;187m[cef423ce][0m[38;5;-81m[AndroidUiautomator2Driver@97cc][0m socket hang up
[38;5;187m[cef423ce][0m[38;5;-81m[AndroidUiautomator2Driver@97cc][0m Determined the downstream protocol as 'W3C'
[38;5;187m[cef423ce][0m[38;5;-81m[AndroidUiautomator2Driver@97cc][0m Screen already unlocked, doing nothing
[38;5;187m[cef423ce][0m[38;5;-81m[AndroidUiautomator2Driver@97cc][0m Starting 'com.avinashproduct.todo/com.avinashproduct.todo.SplashScreenActivity and waiting for 'com.avinashproduct.todo/com.avinashproduct.todo.SplashScreenActivity'
[38;5;187m[cef423ce][0m[38;5;89m[AppiumDriver@1f5a][0m New AndroidUiautomator2Driver session created successfully, session cef423ce-6955-42e6-96fc-35db81c1cf38 added to master session list
[38;5;187m[cef423ce][0m[38;5;86m[HTTP][0m [37m<-- POST /wd/hub/session [39m[32m200[39m [90m19214 ms - 1401[39m [90m[39m
[38;5;187m[cef423ce][0m[38;5;86m[HTTP][0m [37m-->[39m [37mGET[39m [37m/wd/hub/session/cef423ce-6955-42e6-96fc-35db81c1cf38[39m [90m{}[39m
[38;5;187m[cef423ce][0m[38;5;86m[HTTP][0m [37m<-- GET /wd/hub/session/cef423ce-6955-42e6-96fc-35db81c1cf38 [39m[32m200[39m [90m22 ms - 411[39m [90m[39m
[38;5;187m[cef423ce][0m[38;5;86m[HTTP][0m [37m-->[39m [37mGET[39m [37m/wd/hub/session/cef423ce-6955-42e6-96fc-35db81c1cf38[39m [90m{}[39m
[38;5;187m[cef423ce][0m[38;5;86m[HTTP][0m [37m<-- GET /wd/hub/session/cef423ce-6955-42e6-96fc-35db81c1cf38 [39m[32m200[39m [90m23 ms - 411[39m [90m[39m
[38;5;86m[HTTP][0m [37m-->[39m [37mGET[39m [37m/wd/hub/status[39m [90m{}[39m
[38;5;86m[HTTP][0m [37m<-- GET /wd/hub/status [39m[32m200[39m [90m1 ms - 111[39m [90m[39m
[38;5;187m[cef423ce][0m[38;5;86m[HTTP][0m [37m-->[39m [37mPOST[39m [37m/wd/hub/session/cef423ce-6955-42e6-96fc-35db81c1cf38/timeouts[39m [90m{"implicit":30000}[39m
[38;5;187m[cef423ce][0m[38;5;86m[HTTP][0m [37m<-- POST /wd/hub/session/cef423ce-6955-42e6-96fc-35db81c1cf38/timeouts [39m[32m200[39m [90m2 ms - 14[39m [90m[39m
[38;5;187m[cef423ce][0m[38;5;86m[HTTP][0m [37m-->[39m [37mGET[39m [37m/wd/hub/session/cef423ce-6955-42e6-96fc-35db81c1cf38/appium/device/system_bars[39m [90m{}[39m
[38;5;187m[cef423ce][0m[38;5;-81m[AndroidUiautomator2Driver@97cc][0m No windows have been found whose title matches to 'StatusBar'. Assuming it is invisible. Only the following windows are available: ScreenDecorOverlayBottom,pip-dismiss-overlay,ShellDropTarget
[38;5;187m[cef423ce][0m[38;5;-81m[AndroidUiautomator2Driver@97cc][0m No windows have been found whose title matches to 'NavigationBar'. Assuming it is invisible. Only the following windows are available: ScreenDecorOverlayBottom,pip-dismiss-overlay,ShellDropTarget
[38;5;187m[cef423ce][0m[38;5;86m[HTTP][0m [37m<-- GET /wd/hub/session/cef423ce-6955-42e6-96fc-35db81c1cf38/appium/device/system_bars [39m[32m200[39m [90m132 ms - 141[39m [90m[39m
[38;5;187m[cef423ce][0m[38;5;86m[HTTP][0m [37m-->[39m [37mPOST[39m [37m/wd/hub/session/cef423ce-6955-42e6-96fc-35db81c1cf38/execute/sync[39m [90m{"script":"mobile:viewportRect","args":[]}[39m
[38;5;187m[cef423ce][0m[38;5;-81m[AndroidUiautomator2Driver@97cc][0m Executing native command 'mobile:viewportRect'
[38;5;187m[cef423ce][0m[38;5;86m[HTTP][0m [37m<-- POST /wd/hub/session/cef423ce-6955-42e6-96fc-35db81c1cf38/execute/sync [39m[32m200[39m [90m41 ms - 57[39m [90m[39m
[38;5;187m[cef423ce][0m[38;5;86m[HTTP][0m [37m-->[39m [37mPOST[39m [37m/wd/hub/session/cef423ce-6955-42e6-96fc-35db81c1cf38/timeouts[39m [90m{"implicit":50}[39m
[38;5;187m[cef423ce][0m[38;5;86m[HTTP][0m [37m<-- POST /wd/hub/session/cef423ce-6955-42e6-96fc-35db81c1cf38/timeouts [39m[32m200[39m [90m1 ms - 14[39m [90m[39m
[38;5;187m[cef423ce][0m[38;5;86m[HTTP][0m [37m-->[39m [37mGET[39m [37m/wd/hub/session/cef423ce-6955-42e6-96fc-35db81c1cf38/window/rect[39m [90m{}[39m
[38;5;187m[cef423ce][0m[38;5;86m[HTTP][0m [37m<-- GET /wd/hub/session/cef423ce-6955-42e6-96fc-35db81c1cf38/window/rect [39m[32m200[39m [90m22 ms - 50[39m [90m[39m
[38;5;187m[cef423ce][0m[38;5;86m[HTTP][0m [37m-->[39m [37mPOST[39m [37m/wd/hub/session/cef423ce-6955-42e6-96fc-35db81c1cf38/elements[39m [90m{"using":"xpath","value":"//*[@class = 'android.widget.TextView' and (@text = 'Skip>>' or . = 'Skip>>') and @resource-id = 'com.avinashproduct.todo:id/txtSkipIntro']"}[39m
[38;5;187m[cef423ce][0m[38;5;86m[HTTP][0m [37m<-- POST /wd/hub/session/cef423ce-6955-42e6-96fc-35db81c1cf38/elements [39m[32m200[39m [90m1125 ms - 12[39m [90m[39m
[38;5;187m[cef423ce][0m[38;5;86m[HTTP][0m [37m-->[39m [37mPOST[39m [37m/wd/hub/session/cef423ce-6955-42e6-96fc-35db81c1cf38/elements[39m [90m{"using":"xpath","value":"//*[@class = 'android.widget.TextView' and (@text = 'Skip>>' or . = 'Skip>>') and @resource-id = 'com.avinashproduct.todo:id/txtSkipIntro']"}[39m
[38;5;187m[cef423ce][0m[38;5;86m[HTTP][0m [37m<-- POST /wd/hub/session/cef423ce-6955-42e6-96fc-35db81c1cf38/elements [39m[32m200[39m [90m202 ms - 12[39m [90m[39m
[38;5;187m[cef423ce][0m[38;5;86m[HTTP][0m [37m-->[39m [37mPOST[39m [37m/wd/hub/session/cef423ce-6955-42e6-96fc-35db81c1cf38/elements[39m [90m{"using":"xpath","value":"//*[@class = 'android.widget.TextView' and (@text = 'Skip>>' or . = 'Skip>>') and @resource-id = 'com.avinashproduct.todo:id/txtSkipIntro']"}[39m
[38;5;187m[cef423ce][0m[38;5;86m[HTTP][0m [37m<-- POST /wd/hub/session/cef423ce-6955-42e6-96fc-35db81c1cf38/elements [39m[32m200[39m [90m851 ms - 139[39m [90m[39m
[38;5;187m[cef423ce][0m[38;5;86m[HTTP][0m [37m-->[39m [37mGET[39m [37m/wd/hub/session/cef423ce-6955-42e6-96fc-35db81c1cf38/element/00000000-0000-0446-ffff-ffff00000015/location[39m [90m{}[39m
[38;5;187m[cef423ce][0m[38;5;-81m[AndroidUiautomator2Driver@97cc][0m Driver proxy active, passing request on via HTTP proxy
[38;5;187m[cef423ce][0m[38;5;-81m[AndroidUiautomator2Driver@97cc][0m Replacing sessionId 9e4874bb-5979-4ff0-b76d-9c13963b6e54 with cef423ce-6955-42e6-96fc-35db81c1cf38
[38;5;187m[cef423ce][0m[38;5;86m[HTTP][0m [37m<-- GET /wd/hub/session/cef423ce-6955-42e6-96fc-35db81c1cf38/element/00000000-0000-0446-ffff-ffff00000015/location [39m[32m200[39m [90m31 ms - 78[39m [90m[39m
[38;5;187m[cef423ce][0m[38;5;86m[HTTP][0m [37m-->[39m [37mPOST[39m [37m/wd/hub/session/cef423ce-6955-42e6-96fc-35db81c1cf38/timeouts[39m [90m{"implicit":30000}[39m
[38;5;187m[cef423ce][0m[38;5;86m[HTTP][0m [37m<-- POST /wd/hub/session/cef423ce-6955-42e6-96fc-35db81c1cf38/timeouts [39m[32m200[39m [90m1 ms - 14[39m [90m[39m
[38;5;187m[cef423ce][0m[38;5;86m[HTTP][0m [37m-->[39m [37mPOST[39m [37m/wd/hub/session/cef423ce-6955-42e6-96fc-35db81c1cf38/element/00000000-0000-0446-ffff-ffff00000015/click[39m [90m{"id":"00000000-0000-0446-ffff-ffff00000015"}[39m
[38;5;187m[cef423ce][0m[38;5;86m[HTTP][0m [37m<-- POST /wd/hub/session/cef423ce-6955-42e6-96fc-35db81c1cf38/element/00000000-0000-0446-ffff-ffff00000015/click [39m[32m200[39m [90m49 ms - 14[39m [90m[39m
[38;5;187m[cef423ce][0m[38;5;86m[HTTP][0m [37m-->[39m [37mPOST[39m [37m/wd/hub/session/cef423ce-6955-42e6-96fc-35db81c1cf38/timeouts[39m [90m{"implicit":50}[39m
[38;5;187m[cef423ce][0m[38;5;86m[HTTP][0m [37m<-- POST /wd/hub/session/cef423ce-6955-42e6-96fc-35db81c1cf38/timeouts [39m[32m200[39m [90m1 ms - 14[39m [90m[39m
[38;5;187m[cef423ce][0m[38;5;86m[HTTP][0m [37m-->[39m [37mGET[39m [37m/wd/hub/session/cef423ce-6955-42e6-96fc-35db81c1cf38/window/rect[39m [90m{}[39m
[38;5;187m[cef423ce][0m[38;5;86m[HTTP][0m [37m<-- GET /wd/hub/session/cef423ce-6955-42e6-96fc-35db81c1cf38/window/rect [39m[32m200[39m [90m12 ms - 50[39m [90m[39m
[38;5;187m[cef423ce][0m[38;5;86m[HTTP][0m [37m-->[39m [37mPOST[39m [37m/wd/hub/session/cef423ce-6955-42e6-96fc-35db81c1cf38/elements[39m [90m{"using":"xpath","value":"//*[@class = 'android.widget.ImageButton' and @resource-id = 'com.avinashproduct.todo:id/fabAddTask' and (@text = '' or . = '')]"}[39m
[38;5;187m[cef423ce][0m[38;5;86m[HTTP][0m [37m<-- POST /wd/hub/session/cef423ce-6955-42e6-96fc-35db81c1cf38/elements [39m[32m200[39m [90m387 ms - 12[39m [90m[39m
[38;5;187m[cef423ce][0m[38;5;86m[HTTP][0m [37m-->[39m [37mPOST[39m [37m/wd/hub/session/cef423ce-6955-42e6-96fc-35db81c1cf38/elements[39m [90m{"using":"xpath","value":"//*[@class = 'android.widget.ImageButton' and @resource-id = 'com.avinashproduct.todo:id/fabAddTask' and (@text = '' or . = '')]"}[39m
[38;5;187m[cef423ce][0m[38;5;86m[HTTP][0m [37m<-- POST /wd/hub/session/cef423ce-6955-42e6-96fc-35db81c1cf38/elements [39m[32m200[39m [90m1390 ms - 139[39m [90m[39m
[38;5;187m[cef423ce][0m[38;5;86m[HTTP][0m [37m-->[39m [37mGET[39m [37m/wd/hub/session/cef423ce-6955-42e6-96fc-35db81c1cf38/element/00000000-0000-0447-ffff-ffff0000002f/location[39m [90m{}[39m
[38;5;187m[cef423ce][0m[38;5;-81m[AndroidUiautomator2Driver@97cc][0m Driver proxy active, passing request on via HTTP proxy
[38;5;187m[cef423ce][0m[38;5;-81m[AndroidUiautomator2Driver@97cc][0m Replacing sessionId 9e4874bb-5979-4ff0-b76d-9c13963b6e54 with cef423ce-6955-42e6-96fc-35db81c1cf38
[38;5;187m[cef423ce][0m[38;5;86m[HTTP][0m [37m<-- GET /wd/hub/session/cef423ce-6955-42e6-96fc-35db81c1cf38/element/00000000-0000-0447-ffff-ffff0000002f/location [39m[32m200[39m [90m1066 ms - 79[39m [90m[39m
[38;5;187m[cef423ce][0m[38;5;86m[HTTP][0m [37m-->[39m [37mPOST[39m [37m/wd/hub/session/cef423ce-6955-42e6-96fc-35db81c1cf38/timeouts[39m [90m{"implicit":30000}[39m
[38;5;187m[cef423ce][0m[38;5;86m[HTTP][0m [37m<-- POST /wd/hub/session/cef423ce-6955-42e6-96fc-35db81c1cf38/timeouts [39m[32m200[39m [90m1 ms - 14[39m [90m[39m
[38;5;187m[cef423ce][0m[38;5;86m[HTTP][0m [37m-->[39m [37mPOST[39m [37m/wd/hub/session/cef423ce-6955-42e6-96fc-35db81c1cf38/element/00000000-0000-0447-ffff-ffff0000002f/click[39m [90m{"id":"00000000-0000-0447-ffff-ffff0000002f"}[39m
[38;5;187m[cef423ce][0m[38;5;86m[HTTP][0m [37m<-- POST /wd/hub/session/cef423ce-6955-42e6-96fc-35db81c1cf38/element/00000000-0000-0447-ffff-ffff0000002f/click [39m[32m200[39m [90m66 ms - 14[39m [90m[39m
[38;5;187m[cef423ce][0m[38;5;86m[HTTP][0m [37m-->[39m [37mPOST[39m [37m/wd/hub/session/cef423ce-6955-42e6-96fc-35db81c1cf38/timeouts[39m [90m{"implicit":50}[39m
[38;5;187m[cef423ce][0m[38;5;86m[HTTP][0m [37m<-- POST /wd/hub/session/cef423ce-6955-42e6-96fc-35db81c1cf38/timeouts [39m[32m200[39m [90m1 ms - 14[39m [90m[39m
[38;5;187m[cef423ce][0m[38;5;86m[HTTP][0m [37m-->[39m [37mGET[39m [37m/wd/hub/session/cef423ce-6955-42e6-96fc-35db81c1cf38/window/rect[39m [90m{}[39m
[38;5;187m[cef423ce][0m[38;5;86m[HTTP][0m [37m<-- GET /wd/hub/session/cef423ce-6955-42e6-96fc-35db81c1cf38/window/rect [39m[32m200[39m [90m13 ms - 50[39m [90m[39m
[38;5;187m[cef423ce][0m[38;5;86m[HTTP][0m [37m-->[39m [37mPOST[39m [37m/wd/hub/session/cef423ce-6955-42e6-96fc-35db81c1cf38/elements[39m [90m{"using":"xpath","value":"//*[@class = 'android.widget.EditText' and @index = '2' and @resource-id = 'com.avinashproduct.todo:id/edtTitle']"}[39m
[38;5;187m[cef423ce][0m[38;5;86m[HTTP][0m [37m<-- POST /wd/hub/session/cef423ce-6955-42e6-96fc-35db81c1cf38/elements [39m[32m200[39m [90m1585 ms - 139[39m [90m[39m
[38;5;187m[cef423ce][0m[38;5;86m[HTTP][0m [37m-->[39m [37mGET[39m [37m/wd/hub/session/cef423ce-6955-42e6-96fc-35db81c1cf38/element/00000000-0000-0448-ffff-ffff0000005e/location[39m [90m{}[39m
[38;5;187m[cef423ce][0m[38;5;-81m[AndroidUiautomator2Driver@97cc][0m Driver proxy active, passing request on via HTTP proxy
[38;5;187m[cef423ce][0m[38;5;-81m[AndroidUiautomator2Driver@97cc][0m Replacing sessionId 9e4874bb-5979-4ff0-b76d-9c13963b6e54 with cef423ce-6955-42e6-96fc-35db81c1cf38
[38;5;187m[cef423ce][0m[38;5;86m[HTTP][0m [37m<-- GET /wd/hub/session/cef423ce-6955-42e6-96fc-35db81c1cf38/element/00000000-0000-0448-ffff-ffff0000005e/location [39m[32m200[39m [90m50 ms - 77[39m [90m[39m
[38;5;187m[cef423ce][0m[38;5;86m[HTTP][0m [37m-->[39m [37mPOST[39m [37m/wd/hub/session/cef423ce-6955-42e6-96fc-35db81c1cf38/timeouts[39m [90m{"implicit":30000}[39m
[38;5;187m[cef423ce][0m[38;5;86m[HTTP][0m [37m<-- POST /wd/hub/session/cef423ce-6955-42e6-96fc-35db81c1cf38/timeouts [39m[32m200[39m [90m1 ms - 14[39m [90m[39m
[38;5;187m[cef423ce][0m[38;5;86m[HTTP][0m [37m-->[39m [37mPOST[39m [37m/wd/hub/session/cef423ce-6955-42e6-96fc-35db81c1cf38/element/00000000-0000-0448-ffff-ffff0000005e/clear[39m [90m{"id":"00000000-0000-0448-ffff-ffff0000005e"}[39m
[38;5;187m[cef423ce][0m[38;5;86m[HTTP][0m [37m<-- POST /wd/hub/session/cef423ce-6955-42e6-96fc-35db81c1cf38/element/00000000-0000-0448-ffff-ffff0000005e/clear [39m[32m200[39m [90m65 ms - 14[39m [90m[39m
[38;5;187m[cef423ce][0m[38;5;86m[HTTP][0m [37m-->[39m [37mPOST[39m [37m/wd/hub/session/cef423ce-6955-42e6-96fc-35db81c1cf38/element/00000000-0000-0448-ffff-ffff0000005e/click[39m [90m{"id":"00000000-0000-0448-ffff-ffff0000005e"}[39m
[38;5;187m[cef423ce][0m[38;5;86m[HTTP][0m [37m<-- POST /wd/hub/session/cef423ce-6955-42e6-96fc-35db81c1cf38/element/00000000-0000-0448-ffff-ffff0000005e/click [39m[32m200[39m [90m664 ms - 14[39m [90m[39m
[38;5;187m[cef423ce][0m[38;5;86m[HTTP][0m [37m-->[39m [37mPOST[39m [37m/wd/hub/session/cef423ce-6955-42e6-96fc-35db81c1cf38/element/00000000-0000-0448-ffff-ffff0000005e/value[39m [90m{"id":"00000000-0000-0448-ffff-ffff0000005e","text":"Minum","value":["M","i","n","u","m"]}[39m
[38;5;187m[cef423ce][0m[38;5;-81m[AndroidUiautomator2Driver@97cc][0m Got response with status 404: {"sessionId":"9e4874bb-5979-4ff0-b76d-9c13963b6e54","value":{"error":"stale element reference","message":"androidx.test.uiautomator.StaleObjectException","stacktrace":"io.appium.uiautomator2.common.exceptions.StaleElementReferenceException: androidx.test.uiautomator.StaleObjectException\n\tat io.appium.uiautomator2.handler.request.SafeRequestHandler.handle(SafeRequestHandler.java:63)\n\tat io.appium.uiautomator2.server.AppiumServlet.handleRequest(AppiumServlet.java:259)\n\tat io.appium.uiautomator2.server.AppiumServlet.handleHttpRequest(AppiumServlet.java:253)\n\tat io.appium.uiautomator2.http.ServerHandler.channelRead(ServerHandler.java:77)\n\tat io.netty.channel.AbstractChannelHandlerContext.invokeChannelRead(AbstractChannelHandlerContext.java:366)\n\tat io.netty.channel.AbstractChannelHandlerContext.invokeChannelRead(AbstractChannelHandlerContext.java:352)\n\tat io.netty.channel.AbstractChannelHandlerContext.fireChannelRead(AbstractChannelHandlerContext.java:345)\n\tat io.netty.handler.codec.MessageToMe...
[38;5;187m[cef423ce][0m[38;5;86m[HTTP][0m [37m<-- POST /wd/hub/session/cef423ce-6955-42e6-96fc-35db81c1cf38/element/00000000-0000-0448-ffff-ffff0000005e/value [39m[33m404[39m [90m1185 ms - 4970[39m [90m[39m
[38;5;86m[HTTP][0m [37m-->[39m [37mGET[39m [37m/wd/hub/status[39m [90m{}[39m
[38;5;86m[HTTP][0m [37m<-- GET /wd/hub/status [39m[32m200[39m [90m1 ms - 111[39m [90m[39m
[38;5;86m[HTTP][0m [37m-->[39m [37mPOST[39m [37m/wd/hub/session[39m [90m{"desiredCapabilities":{"appium:systemPort":52510,"appium:newCommandTimeout":1800,"appium:automationName":"uiautomator2","appium:fullReset":true,"appium:platformVersion":"13","appium:noReset":false,"appium:udid":"adb-0L52223V211051B6-b2JV8E._adb-tls-connect._tcp","appium:autoGrantPermissions":true,"appium:platformName":"ANDROID","appium:deviceName":"realme RMX3516 (Android 13)","platformName":"Android","appium:app":"C:\\Users\\aq\\Katalon Studio\\TAK_KatalonMobile\\androidapp\\Todo_2.0_APKPure.apk"},"capabilities":{"firstMatch":[{"appium:app":"C:\\Users\\aq\\Katalon Studio\\TAK_KatalonMobile\\androidapp\\Todo_2.0_APKPure.apk","appium:autoGrantPermissions":true,"appium:automationName":"uiautomator2","appium:deviceName":"realme RMX3516 (Android 13)","appium:fullReset":true,"appium:newCommandTimeout":1800,"appium:noReset":false,"appium:platformName":"ANDROID","appium:platformVersion":"13","appium:systemPort":52510,"appium:udid":"adb-0L52223V211051B6-b2JV8E._adb-tls-connect._tcp","platformName":"android"}]}}[39m
[38;5;123m[BaseDriver][0m Ignoring capability 'appium:platformName=ANDROID' and using capability 'platformName=android'
[38;5;123m[BaseDriver][0m The capabilities ["platformName"] are standard capabilities and do not require "appium:" prefix
[38;5;112m[Appium][0m Attempting to find matching driver for automationName 'uiautomator2' and platformName 'android'
[38;5;112m[Appium][0m The 'uiautomator2' driver was installed and matched caps.
[38;5;112m[Appium][0m Will require it at C:\Users\aq\.appium\node_modules\appium-uiautomator2-driver
[38;5;89m[AppiumDriver@1f5a][0m Appium v2.12.1 creating new AndroidUiautomator2Driver (v3.8.1) session
[38;5;89m[AppiumDriver@1f5a][0m Checking BaseDriver versions for Appium and AndroidUiautomator2Driver
[38;5;89m[AppiumDriver@1f5a][0m Appium's BaseDriver version is 9.12.1
[38;5;89m[AppiumDriver@1f5a][0m AndroidUiautomator2Driver's BaseDriver version is 9.12.1
[38;5;156m[5e11650a][0m[38;5;-178m[AndroidUiautomator2Driver@7a43][0m Session created with session id: 5e11650a-3f88-48d2-a9f2-3566434045da
[38;5;156m[5e11650a][0m[38;5;229m[ADB][0m Using 'adb.exe' from 'C:\Users\aq\.katalon\tools\android_sdk\platform-tools\adb.exe'
[38;5;156m[5e11650a][0m[38;5;-178m[AndroidUiautomator2Driver@7a43][0m Retrieving device list
[38;5;156m[5e11650a][0m[38;5;-178m[AndroidUiautomator2Driver@7a43][0m Using device: adb-0L52223V211051B6-b2JV8E._adb-tls-connect._tcp
[38;5;156m[5e11650a][0m[38;5;229m[ADB][0m Using 'adb.exe' from 'C:\Users\aq\.katalon\tools\android_sdk\platform-tools\adb.exe'
[38;5;156m[5e11650a][0m[38;5;123m[BaseDriver][0m Using local app 'C:\Users\aq\Katalon Studio\TAK_KatalonMobile\androidapp\Todo_2.0_APKPure.apk'
[38;5;156m[5e11650a][0m[38;5;229m[ADB][0m Getting device platform version
[38;5;156m[5e11650a][0m[38;5;-178m[AndroidUiautomator2Driver@7a43][0m Relaxing hidden api policy
[38;5;156m[5e11650a][0m[38;5;229m[ADB][0m Using 'aapt2.exe' from 'C:\Users\aq\.katalon\tools\android_sdk\build-tools\29.0.3\aapt2.exe'
[38;5;156m[5e11650a][0m[38;5;229m[ADB][0m Package name: 'com.avinashproduct.todo'
[38;5;156m[5e11650a][0m[38;5;229m[ADB][0m Main activity name: 'com.avinashproduct.todo.SplashScreenActivity'
[38;5;156m[5e11650a][0m[38;5;-178m[AndroidUiautomator2Driver@7a43][0m Server packages are not going to be (re)installed
[38;5;156m[5e11650a][0m[38;5;229m[ADB][0m Adding packages ["io.appium.settings","io.appium.uiautomator2.server","io.appium.uiautomator2.server.test"] to Doze whitelist
[38;5;156m[5e11650a][0m[38;5;229m[ADB][0m com.avinashproduct.todo was successfully uninstalled
[38;5;156m[5e11650a][0m[38;5;229m[ADB][0m The application at 'C:\Users\aq\Katalon Studio\TAK_KatalonMobile\androidapp\Todo_2.0_APKPure.apk' will not be cached, because the device under test has confirmed the support of streamed installs
[38;5;86m[HTTP][0m [37m<-- POST /wd/hub/session [39m[32m-[39m [90m- ms - -[39m [90m[39m
[38;5;156m[5e11650a][0m[38;5;-178m[AndroidUiautomator2Driver@7a43][0m Did not get confirmation UiAutomator2 deleteSession worked; Error was: UnknownError: An unknown server-side error occurred while processing the command. Original error: Trying to proxy a session command without session id
[38;5;156m[5e11650a][0m[38;5;229m[ADB][0m com.avinashproduct.todo was not uninstalled, because it was not present on the device
[38;5;156m[5e11650a][0m[38;5;-178m[AndroidUiautomator2Driver@7a43][0m Restoring hidden api policy to the device default configuration
[38;5;187m[cef423ce][0m[38;5;-81m[AndroidUiautomator2Driver@97cc][0m Shutting down because we waited 1800 seconds for a command
[38;5;187m[cef423ce][0m[38;5;89m[AppiumDriver@1f5a][0m Ending session, cause was 'New Command Timeout of 1800 seconds expired. Try customizing the timeout using the 'newCommandTimeout' desired capability'
[38;5;187m[cef423ce][0m[38;5;89m[AppiumDriver@1f5a][0m Removing session 'cef423ce-6955-42e6-96fc-35db81c1cf38' from our master session list
[38;5;187m[cef423ce][0m[38;5;-81m[AndroidUiautomator2Driver@97cc][0m Did not get confirmation UiAutomator2 deleteSession worked; Error was: UnknownError: An unknown server-side error occurred while processing the command. Original error: 'DELETE /' cannot be proxied to UiAutomator2 server because the instrumentation process is not running (probably crashed). Check the server log and/or the logcat output for more details
[38;5;187m[cef423ce][0m[38;5;229m[ADB][0m com.avinashproduct.todo was successfully uninstalled
[38;5;187m[cef423ce][0m[38;5;-81m[AndroidUiautomator2Driver@97cc][0m Restoring hidden api policy to the device default configuration
