[38;5;112m[Appium][0m Welcome to Appium v2.12.1
[38;5;112m[Appium][0m Non-default server args:
[38;5;112m[Appium][0m { basePath: [32m'/wd/hub'[39m, loglevel: [32m'info'[39m, port: [33m64836[39m }
[38;5;112m[Appium][0m Attempting to load driver uiautomator2...
[38;5;112m[Appium][0m Appium REST http interface listener started on http://0.0.0.0:64836/wd/hub
[38;5;112m[Appium][0m You can provide the following URLs in your client code to connect to this server:
	http://192.168.1.6:64836/wd/hub
	http://127.0.0.1:64836/wd/hub (only accessible from the same host)
[38;5;112m[Appium][0m Available drivers:
[38;5;112m[Appium][0m   - uiautomator2@3.8.1 (automationName 'UiAutomator2')
[38;5;112m[Appium][0m No plugins have been installed. Use the "appium plugin" command to install the one(s) you want to use.
[38;5;86m[HTTP][0m [37m-->[39m [37mGET[39m [37m/wd/hub/status[39m [90m{}[39m
[38;5;86m[HTTP][0m [37m<-- GET /wd/hub/status [39m[32m200[39m [90m3 ms - 111[39m [90m[39m
[38;5;86m[HTTP][0m [37m-->[39m [37mPOST[39m [37m/wd/hub/session[39m [90m{"desiredCapabilities":{"appium:systemPort":64835,"appium:newCommandTimeout":1800,"appium:automationName":"uiautomator2","appium:fullReset":true,"appium:platformVersion":"13","appium:noReset":false,"appium:udid":"adb-0L52223V211051B6-b2JV8E._adb-tls-connect._tcp","appium:autoGrantPermissions":true,"appium:platformName":"ANDROID","appium:deviceName":"realme RMX3516 (Android 13)","platformName":"Android","appium:app":"C:\\Users\\aq\\Katalon Studio\\TAK_KatalonMobile\\androidapp\\Todo_2.0_APKPure.apk"},"capabilities":{"firstMatch":[{"appium:app":"C:\\Users\\aq\\Katalon Studio\\TAK_KatalonMobile\\androidapp\\Todo_2.0_APKPure.apk","appium:autoGrantPermissions":true,"appium:automationName":"uiautomator2","appium:deviceName":"realme RMX3516 (Android 13)","appium:fullReset":true,"appium:newCommandTimeout":1800,"appium:noReset":false,"appium:platformName":"ANDROID","appium:platformVersion":"13","appium:systemPort":64835,"appium:udid":"adb-0L52223V211051B6-b2JV8E._adb-tls-connect._tcp","platformName":"android"}]}}[39m
[38;5;123m[BaseDriver][0m Ignoring capability 'appium:platformName=ANDROID' and using capability 'platformName=android'
[38;5;123m[BaseDriver][0m The capabilities ["platformName"] are standard capabilities and do not require "appium:" prefix
[38;5;112m[Appium][0m Attempting to find matching driver for automationName 'uiautomator2' and platformName 'android'
[38;5;112m[Appium][0m The 'uiautomator2' driver was installed and matched caps.
[38;5;112m[Appium][0m Will require it at C:\Users\aq\.appium\node_modules\appium-uiautomator2-driver
[38;5;157m[AppiumDriver@e309][0m Appium v2.12.1 creating new AndroidUiautomator2Driver (v3.8.1) session
[38;5;157m[AppiumDriver@e309][0m Checking BaseDriver versions for Appium and AndroidUiautomator2Driver
[38;5;157m[AppiumDriver@e309][0m Appium's BaseDriver version is 9.12.1
[38;5;157m[AppiumDriver@e309][0m AndroidUiautomator2Driver's BaseDriver version is 9.12.1
[38;5;186m[92ef0d00][0m[38;5;-7m[AndroidUiautomator2Driver@150f][0m Session created with session id: 92ef0d00-b4fe-4637-8d4c-8cd8456c3c08
[38;5;186m[92ef0d00][0m[38;5;229m[ADB][0m Found 1 'build-tools' folders under 'C:\Users\aq\.katalon\tools\android_sdk' (newest first):
[38;5;186m[92ef0d00][0m[38;5;229m[ADB][0m     C:\Users\aq\.katalon\tools\android_sdk\build-tools\29.0.3
[38;5;186m[92ef0d00][0m[38;5;229m[ADB][0m Using 'adb.exe' from 'C:\Users\aq\.katalon\tools\android_sdk\platform-tools\adb.exe'
[38;5;186m[92ef0d00][0m[38;5;-7m[AndroidUiautomator2Driver@150f][0m Retrieving device list
[38;5;186m[92ef0d00][0m[38;5;-7m[AndroidUiautomator2Driver@150f][0m Using device: adb-0L52223V211051B6-b2JV8E._adb-tls-connect._tcp
[38;5;186m[92ef0d00][0m[38;5;229m[ADB][0m Using 'adb.exe' from 'C:\Users\aq\.katalon\tools\android_sdk\platform-tools\adb.exe'
[38;5;186m[92ef0d00][0m[38;5;123m[BaseDriver][0m Using local app 'C:\Users\aq\Katalon Studio\TAK_KatalonMobile\androidapp\Todo_2.0_APKPure.apk'
[38;5;186m[92ef0d00][0m[38;5;229m[ADB][0m Getting device platform version
[38;5;186m[92ef0d00][0m[38;5;-7m[AndroidUiautomator2Driver@150f][0m Relaxing hidden api policy
[38;5;186m[92ef0d00][0m[38;5;229m[ADB][0m Using 'aapt2.exe' from 'C:\Users\aq\.katalon\tools\android_sdk\build-tools\29.0.3\aapt2.exe'
[38;5;186m[92ef0d00][0m[38;5;229m[ADB][0m Package name: 'com.avinashproduct.todo'
[38;5;186m[92ef0d00][0m[38;5;229m[ADB][0m Main activity name: 'com.avinashproduct.todo.SplashScreenActivity'
[38;5;186m[92ef0d00][0m[38;5;229m[ADB][0m Using 'apksigner.jar' from 'C:\Users\aq\.katalon\tools\android_sdk\build-tools\29.0.3\lib\apksigner.jar'
[38;5;186m[92ef0d00][0m[38;5;-7m[AndroidUiautomator2Driver@150f][0m Server packages are not going to be (re)installed
[38;5;186m[92ef0d00][0m[38;5;229m[ADB][0m Adding packages ["io.appium.settings","io.appium.uiautomator2.server","io.appium.uiautomator2.server.test"] to Doze whitelist
[38;5;186m[92ef0d00][0m[38;5;229m[ADB][0m 'C:\Users\aq\Katalon Studio\TAK_KatalonMobile\androidapp\Todo_2.0_APKPure.apk' is signed with a non-default certificate
[38;5;186m[92ef0d00][0m[38;5;229m[ADB][0m com.avinashproduct.todo was successfully uninstalled
[38;5;186m[92ef0d00][0m[38;5;229m[ADB][0m The application at 'C:\Users\aq\Katalon Studio\TAK_KatalonMobile\androidapp\Todo_2.0_APKPure.apk' will not be cached, because the device under test has confirmed the support of streamed installs
[38;5;186m[92ef0d00][0m[38;5;229m[ADB][0m The installation of 'Todo_2.0_APKPure.apk' took 10311ms
[38;5;186m[92ef0d00][0m[38;5;-7m[AndroidUiautomator2Driver@150f][0m Starting UIAutomator2 server 7.1.1
[38;5;186m[92ef0d00][0m[38;5;-7m[AndroidUiautomator2Driver@150f][0m Using UIAutomator2 server from 'C:\Users\aq\.appium\node_modules\appium-uiautomator2-driver\node_modules\appium-uiautomator2-server\apks\appium-uiautomator2-server-v7.1.1.apk' and test from 'C:\Users\aq\.appium\node_modules\appium-uiautomator2-driver\node_modules\appium-uiautomator2-server\apks\appium-uiautomator2-server-debug-androidTest.apk'
[38;5;186m[92ef0d00][0m[38;5;-7m[AndroidUiautomator2Driver@150f][0m Waiting up to 30000ms for UiAutomator2 to be online...
[38;5;186m[92ef0d00][0m[38;5;-7m[AndroidUiautomator2Driver@150f][0m socket hang up
[38;5;186m[92ef0d00][0m[38;5;-7m[AndroidUiautomator2Driver@150f][0m socket hang up
[38;5;186m[92ef0d00][0m[38;5;-7m[AndroidUiautomator2Driver@150f][0m socket hang up
[38;5;186m[92ef0d00][0m[38;5;-7m[AndroidUiautomator2Driver@150f][0m socket hang up
[38;5;186m[92ef0d00][0m[38;5;-7m[AndroidUiautomator2Driver@150f][0m socket hang up
[38;5;186m[92ef0d00][0m[38;5;-7m[AndroidUiautomator2Driver@150f][0m socket hang up
[38;5;186m[92ef0d00][0m[38;5;-7m[AndroidUiautomator2Driver@150f][0m socket hang up
[38;5;186m[92ef0d00][0m[38;5;-7m[AndroidUiautomator2Driver@150f][0m Determined the downstream protocol as 'W3C'
[38;5;186m[92ef0d00][0m[38;5;-7m[AndroidUiautomator2Driver@150f][0m Screen already unlocked, doing nothing
[38;5;186m[92ef0d00][0m[38;5;-7m[AndroidUiautomator2Driver@150f][0m Starting 'com.avinashproduct.todo/com.avinashproduct.todo.SplashScreenActivity and waiting for 'com.avinashproduct.todo/com.avinashproduct.todo.SplashScreenActivity'
[38;5;186m[92ef0d00][0m[38;5;157m[AppiumDriver@e309][0m New AndroidUiautomator2Driver session created successfully, session 92ef0d00-b4fe-4637-8d4c-8cd8456c3c08 added to master session list
[38;5;186m[92ef0d00][0m[38;5;86m[HTTP][0m [37m<-- POST /wd/hub/session [39m[32m200[39m [90m23939 ms - 1401[39m [90m[39m
[38;5;186m[92ef0d00][0m[38;5;86m[HTTP][0m [37m-->[39m [37mGET[39m [37m/wd/hub/session/92ef0d00-b4fe-4637-8d4c-8cd8456c3c08[39m [90m{}[39m
[38;5;186m[92ef0d00][0m[38;5;86m[HTTP][0m [37m<-- GET /wd/hub/session/92ef0d00-b4fe-4637-8d4c-8cd8456c3c08 [39m[32m200[39m [90m21 ms - 411[39m [90m[39m
[38;5;186m[92ef0d00][0m[38;5;86m[HTTP][0m [37m-->[39m [37mGET[39m [37m/wd/hub/session/92ef0d00-b4fe-4637-8d4c-8cd8456c3c08[39m [90m{}[39m
[38;5;186m[92ef0d00][0m[38;5;86m[HTTP][0m [37m<-- GET /wd/hub/session/92ef0d00-b4fe-4637-8d4c-8cd8456c3c08 [39m[32m200[39m [90m24 ms - 411[39m [90m[39m
[38;5;86m[HTTP][0m [37m-->[39m [37mGET[39m [37m/wd/hub/status[39m [90m{}[39m
[38;5;86m[HTTP][0m [37m<-- GET /wd/hub/status [39m[32m200[39m [90m1 ms - 111[39m [90m[39m
[38;5;186m[92ef0d00][0m[38;5;86m[HTTP][0m [37m-->[39m [37mPOST[39m [37m/wd/hub/session/92ef0d00-b4fe-4637-8d4c-8cd8456c3c08/timeouts[39m [90m{"implicit":30000}[39m
[38;5;186m[92ef0d00][0m[38;5;86m[HTTP][0m [37m<-- POST /wd/hub/session/92ef0d00-b4fe-4637-8d4c-8cd8456c3c08/timeouts [39m[32m200[39m [90m2 ms - 14[39m [90m[39m
[38;5;186m[92ef0d00][0m[38;5;86m[HTTP][0m [37m-->[39m [37mGET[39m [37m/wd/hub/session/92ef0d00-b4fe-4637-8d4c-8cd8456c3c08/appium/device/system_bars[39m [90m{}[39m
[38;5;186m[92ef0d00][0m[38;5;-7m[AndroidUiautomator2Driver@150f][0m No windows have been found whose title matches to 'StatusBar'. Assuming it is invisible. Only the following windows are available: ScreenDecorOverlayBottom,pip-dismiss-overlay,ShellDropTarget
[38;5;186m[92ef0d00][0m[38;5;-7m[AndroidUiautomator2Driver@150f][0m No windows have been found whose title matches to 'NavigationBar'. Assuming it is invisible. Only the following windows are available: ScreenDecorOverlayBottom,pip-dismiss-overlay,ShellDropTarget
[38;5;186m[92ef0d00][0m[38;5;86m[HTTP][0m [37m<-- GET /wd/hub/session/92ef0d00-b4fe-4637-8d4c-8cd8456c3c08/appium/device/system_bars [39m[32m200[39m [90m108 ms - 141[39m [90m[39m
[38;5;186m[92ef0d00][0m[38;5;86m[HTTP][0m [37m-->[39m [37mPOST[39m [37m/wd/hub/session/92ef0d00-b4fe-4637-8d4c-8cd8456c3c08/execute/sync[39m [90m{"script":"mobile:viewportRect","args":[]}[39m
[38;5;186m[92ef0d00][0m[38;5;-7m[AndroidUiautomator2Driver@150f][0m Executing native command 'mobile:viewportRect'
[38;5;186m[92ef0d00][0m[38;5;86m[HTTP][0m [37m<-- POST /wd/hub/session/92ef0d00-b4fe-4637-8d4c-8cd8456c3c08/execute/sync [39m[32m200[39m [90m28 ms - 57[39m [90m[39m
[38;5;186m[92ef0d00][0m[38;5;86m[HTTP][0m [37m-->[39m [37mPOST[39m [37m/wd/hub/session/92ef0d00-b4fe-4637-8d4c-8cd8456c3c08/timeouts[39m [90m{"implicit":50}[39m
[38;5;186m[92ef0d00][0m[38;5;86m[HTTP][0m [37m<-- POST /wd/hub/session/92ef0d00-b4fe-4637-8d4c-8cd8456c3c08/timeouts [39m[32m200[39m [90m1 ms - 14[39m [90m[39m
[38;5;186m[92ef0d00][0m[38;5;86m[HTTP][0m [37m-->[39m [37mGET[39m [37m/wd/hub/session/92ef0d00-b4fe-4637-8d4c-8cd8456c3c08/window/rect[39m [90m{}[39m
[38;5;186m[92ef0d00][0m[38;5;86m[HTTP][0m [37m<-- GET /wd/hub/session/92ef0d00-b4fe-4637-8d4c-8cd8456c3c08/window/rect [39m[32m200[39m [90m28 ms - 50[39m [90m[39m
[38;5;186m[92ef0d00][0m[38;5;86m[HTTP][0m [37m-->[39m [37mPOST[39m [37m/wd/hub/session/92ef0d00-b4fe-4637-8d4c-8cd8456c3c08/elements[39m [90m{"using":"xpath","value":"//*[@class = 'android.widget.TextView' and (@text = 'Skip>>' or . = 'Skip>>') and @resource-id = 'com.avinashproduct.todo:id/txtSkipIntro']"}[39m
[38;5;186m[92ef0d00][0m[38;5;86m[HTTP][0m [37m<-- POST /wd/hub/session/92ef0d00-b4fe-4637-8d4c-8cd8456c3c08/elements [39m[32m200[39m [90m1098 ms - 139[39m [90m[39m
[38;5;186m[92ef0d00][0m[38;5;86m[HTTP][0m [37m-->[39m [37mGET[39m [37m/wd/hub/session/92ef0d00-b4fe-4637-8d4c-8cd8456c3c08/element/00000000-0000-0341-ffff-ffff00000015/location[39m [90m{}[39m
[38;5;186m[92ef0d00][0m[38;5;-7m[AndroidUiautomator2Driver@150f][0m Driver proxy active, passing request on via HTTP proxy
[38;5;186m[92ef0d00][0m[38;5;-7m[AndroidUiautomator2Driver@150f][0m Replacing sessionId 00694322-4777-4c98-904d-8c7630fb184c with 92ef0d00-b4fe-4637-8d4c-8cd8456c3c08
[38;5;186m[92ef0d00][0m[38;5;86m[HTTP][0m [37m<-- GET /wd/hub/session/92ef0d00-b4fe-4637-8d4c-8cd8456c3c08/element/00000000-0000-0341-ffff-ffff00000015/location [39m[32m200[39m [90m640 ms - 78[39m [90m[39m
[38;5;186m[92ef0d00][0m[38;5;86m[HTTP][0m [37m-->[39m [37mPOST[39m [37m/wd/hub/session/92ef0d00-b4fe-4637-8d4c-8cd8456c3c08/timeouts[39m [90m{"implicit":30000}[39m
[38;5;186m[92ef0d00][0m[38;5;86m[HTTP][0m [37m<-- POST /wd/hub/session/92ef0d00-b4fe-4637-8d4c-8cd8456c3c08/timeouts [39m[32m200[39m [90m1 ms - 14[39m [90m[39m
[38;5;186m[92ef0d00][0m[38;5;86m[HTTP][0m [37m-->[39m [37mPOST[39m [37m/wd/hub/session/92ef0d00-b4fe-4637-8d4c-8cd8456c3c08/element/00000000-0000-0341-ffff-ffff00000015/click[39m [90m{"id":"00000000-0000-0341-ffff-ffff00000015"}[39m
[38;5;186m[92ef0d00][0m[38;5;86m[HTTP][0m [37m<-- POST /wd/hub/session/92ef0d00-b4fe-4637-8d4c-8cd8456c3c08/element/00000000-0000-0341-ffff-ffff00000015/click [39m[32m200[39m [90m74 ms - 14[39m [90m[39m
[38;5;186m[92ef0d00][0m[38;5;86m[HTTP][0m [37m-->[39m [37mPOST[39m [37m/wd/hub/session/92ef0d00-b4fe-4637-8d4c-8cd8456c3c08/timeouts[39m [90m{"implicit":50}[39m
[38;5;186m[92ef0d00][0m[38;5;86m[HTTP][0m [37m<-- POST /wd/hub/session/92ef0d00-b4fe-4637-8d4c-8cd8456c3c08/timeouts [39m[32m200[39m [90m1 ms - 14[39m [90m[39m
[38;5;186m[92ef0d00][0m[38;5;86m[HTTP][0m [37m-->[39m [37mGET[39m [37m/wd/hub/session/92ef0d00-b4fe-4637-8d4c-8cd8456c3c08/window/rect[39m [90m{}[39m
[38;5;186m[92ef0d00][0m[38;5;86m[HTTP][0m [37m<-- GET /wd/hub/session/92ef0d00-b4fe-4637-8d4c-8cd8456c3c08/window/rect [39m[32m200[39m [90m20 ms - 50[39m [90m[39m
[38;5;186m[92ef0d00][0m[38;5;86m[HTTP][0m [37m-->[39m [37mPOST[39m [37m/wd/hub/session/92ef0d00-b4fe-4637-8d4c-8cd8456c3c08/elements[39m [90m{"using":"xpath","value":"//*[@class = 'android.widget.ImageButton' and @resource-id = 'com.avinashproduct.todo:id/fabAddTask' and (@text = '' or . = '')]"}[39m
[38;5;186m[92ef0d00][0m[38;5;86m[HTTP][0m [37m<-- POST /wd/hub/session/92ef0d00-b4fe-4637-8d4c-8cd8456c3c08/elements [39m[32m200[39m [90m570 ms - 12[39m [90m[39m
[38;5;186m[92ef0d00][0m[38;5;86m[HTTP][0m [37m-->[39m [37mPOST[39m [37m/wd/hub/session/92ef0d00-b4fe-4637-8d4c-8cd8456c3c08/elements[39m [90m{"using":"xpath","value":"//*[@class = 'android.widget.ImageButton' and @resource-id = 'com.avinashproduct.todo:id/fabAddTask' and (@text = '' or . = '')]"}[39m
[38;5;186m[92ef0d00][0m[38;5;86m[HTTP][0m [37m<-- POST /wd/hub/session/92ef0d00-b4fe-4637-8d4c-8cd8456c3c08/elements [39m[32m200[39m [90m809 ms - 139[39m [90m[39m
[38;5;186m[92ef0d00][0m[38;5;86m[HTTP][0m [37m-->[39m [37mGET[39m [37m/wd/hub/session/92ef0d00-b4fe-4637-8d4c-8cd8456c3c08/element/00000000-0000-0342-ffff-ffff0000002f/location[39m [90m{}[39m
[38;5;186m[92ef0d00][0m[38;5;-7m[AndroidUiautomator2Driver@150f][0m Driver proxy active, passing request on via HTTP proxy
[38;5;186m[92ef0d00][0m[38;5;-7m[AndroidUiautomator2Driver@150f][0m Replacing sessionId 00694322-4777-4c98-904d-8c7630fb184c with 92ef0d00-b4fe-4637-8d4c-8cd8456c3c08
[38;5;186m[92ef0d00][0m[38;5;86m[HTTP][0m [37m<-- GET /wd/hub/session/92ef0d00-b4fe-4637-8d4c-8cd8456c3c08/element/00000000-0000-0342-ffff-ffff0000002f/location [39m[32m200[39m [90m20 ms - 79[39m [90m[39m
[38;5;186m[92ef0d00][0m[38;5;86m[HTTP][0m [37m-->[39m [37mPOST[39m [37m/wd/hub/session/92ef0d00-b4fe-4637-8d4c-8cd8456c3c08/timeouts[39m [90m{"implicit":30000}[39m
[38;5;186m[92ef0d00][0m[38;5;86m[HTTP][0m [37m<-- POST /wd/hub/session/92ef0d00-b4fe-4637-8d4c-8cd8456c3c08/timeouts [39m[32m200[39m [90m1 ms - 14[39m [90m[39m
[38;5;186m[92ef0d00][0m[38;5;86m[HTTP][0m [37m-->[39m [37mPOST[39m [37m/wd/hub/session/92ef0d00-b4fe-4637-8d4c-8cd8456c3c08/element/00000000-0000-0342-ffff-ffff0000002f/click[39m [90m{"id":"00000000-0000-0342-ffff-ffff0000002f"}[39m
[38;5;186m[92ef0d00][0m[38;5;86m[HTTP][0m [37m<-- POST /wd/hub/session/92ef0d00-b4fe-4637-8d4c-8cd8456c3c08/element/00000000-0000-0342-ffff-ffff0000002f/click [39m[32m200[39m [90m68 ms - 14[39m [90m[39m
[38;5;186m[92ef0d00][0m[38;5;86m[HTTP][0m [37m-->[39m [37mPOST[39m [37m/wd/hub/session/92ef0d00-b4fe-4637-8d4c-8cd8456c3c08/timeouts[39m [90m{"implicit":50}[39m
[38;5;186m[92ef0d00][0m[38;5;86m[HTTP][0m [37m<-- POST /wd/hub/session/92ef0d00-b4fe-4637-8d4c-8cd8456c3c08/timeouts [39m[32m200[39m [90m1 ms - 14[39m [90m[39m
[38;5;186m[92ef0d00][0m[38;5;86m[HTTP][0m [37m-->[39m [37mGET[39m [37m/wd/hub/session/92ef0d00-b4fe-4637-8d4c-8cd8456c3c08/window/rect[39m [90m{}[39m
[38;5;186m[92ef0d00][0m[38;5;86m[HTTP][0m [37m<-- GET /wd/hub/session/92ef0d00-b4fe-4637-8d4c-8cd8456c3c08/window/rect [39m[32m200[39m [90m25 ms - 50[39m [90m[39m
[38;5;186m[92ef0d00][0m[38;5;86m[HTTP][0m [37m-->[39m [37mPOST[39m [37m/wd/hub/session/92ef0d00-b4fe-4637-8d4c-8cd8456c3c08/elements[39m [90m{"using":"xpath","value":"//*[@class = 'android.widget.EditText' and @index = '2' and @resource-id = 'com.avinashproduct.todo:id/edtTitle']"}[39m
[38;5;186m[92ef0d00][0m[38;5;86m[HTTP][0m [37m<-- POST /wd/hub/session/92ef0d00-b4fe-4637-8d4c-8cd8456c3c08/elements [39m[32m200[39m [90m366 ms - 12[39m [90m[39m
[38;5;186m[92ef0d00][0m[38;5;86m[HTTP][0m [37m-->[39m [37mPOST[39m [37m/wd/hub/session/92ef0d00-b4fe-4637-8d4c-8cd8456c3c08/elements[39m [90m{"using":"xpath","value":"//*[@class = 'android.widget.EditText' and @index = '2' and @resource-id = 'com.avinashproduct.todo:id/edtTitle']"}[39m
[38;5;186m[92ef0d00][0m[38;5;86m[HTTP][0m [37m<-- POST /wd/hub/session/92ef0d00-b4fe-4637-8d4c-8cd8456c3c08/elements [39m[32m200[39m [90m1732 ms - 139[39m [90m[39m
[38;5;186m[92ef0d00][0m[38;5;86m[HTTP][0m [37m-->[39m [37mGET[39m [37m/wd/hub/session/92ef0d00-b4fe-4637-8d4c-8cd8456c3c08/element/00000000-0000-0343-ffff-ffff0000005e/location[39m [90m{}[39m
[38;5;186m[92ef0d00][0m[38;5;-7m[AndroidUiautomator2Driver@150f][0m Driver proxy active, passing request on via HTTP proxy
[38;5;186m[92ef0d00][0m[38;5;-7m[AndroidUiautomator2Driver@150f][0m Replacing sessionId 00694322-4777-4c98-904d-8c7630fb184c with 92ef0d00-b4fe-4637-8d4c-8cd8456c3c08
[38;5;186m[92ef0d00][0m[38;5;86m[HTTP][0m [37m<-- GET /wd/hub/session/92ef0d00-b4fe-4637-8d4c-8cd8456c3c08/element/00000000-0000-0343-ffff-ffff0000005e/location [39m[32m200[39m [90m508 ms - 77[39m [90m[39m
[38;5;186m[92ef0d00][0m[38;5;86m[HTTP][0m [37m-->[39m [37mPOST[39m [37m/wd/hub/session/92ef0d00-b4fe-4637-8d4c-8cd8456c3c08/timeouts[39m [90m{"implicit":30000}[39m
[38;5;186m[92ef0d00][0m[38;5;86m[HTTP][0m [37m<-- POST /wd/hub/session/92ef0d00-b4fe-4637-8d4c-8cd8456c3c08/timeouts [39m[32m200[39m [90m1 ms - 14[39m [90m[39m
[38;5;186m[92ef0d00][0m[38;5;86m[HTTP][0m [37m-->[39m [37mPOST[39m [37m/wd/hub/session/92ef0d00-b4fe-4637-8d4c-8cd8456c3c08/element/00000000-0000-0343-ffff-ffff0000005e/clear[39m [90m{"id":"00000000-0000-0343-ffff-ffff0000005e"}[39m
[38;5;186m[92ef0d00][0m[38;5;86m[HTTP][0m [37m<-- POST /wd/hub/session/92ef0d00-b4fe-4637-8d4c-8cd8456c3c08/element/00000000-0000-0343-ffff-ffff0000005e/clear [39m[32m200[39m [90m57 ms - 14[39m [90m[39m
[38;5;186m[92ef0d00][0m[38;5;86m[HTTP][0m [37m-->[39m [37mPOST[39m [37m/wd/hub/session/92ef0d00-b4fe-4637-8d4c-8cd8456c3c08/element/00000000-0000-0343-ffff-ffff0000005e/click[39m [90m{"id":"00000000-0000-0343-ffff-ffff0000005e"}[39m
[38;5;186m[92ef0d00][0m[38;5;86m[HTTP][0m [37m<-- POST /wd/hub/session/92ef0d00-b4fe-4637-8d4c-8cd8456c3c08/element/00000000-0000-0343-ffff-ffff0000005e/click [39m[32m200[39m [90m1138 ms - 14[39m [90m[39m
[38;5;186m[92ef0d00][0m[38;5;86m[HTTP][0m [37m-->[39m [37mPOST[39m [37m/wd/hub/session/92ef0d00-b4fe-4637-8d4c-8cd8456c3c08/element/00000000-0000-0343-ffff-ffff0000005e/value[39m [90m{"id":"00000000-0000-0343-ffff-ffff0000005e","text":"TAK Katalon 8","value":["T","A","K"," ","K","a","t","a","l","o","n"," ","8"]}[39m
[38;5;186m[92ef0d00][0m[38;5;86m[HTTP][0m [37m<-- POST /wd/hub/session/92ef0d00-b4fe-4637-8d4c-8cd8456c3c08/element/00000000-0000-0343-ffff-ffff0000005e/value [39m[32m200[39m [90m85 ms - 14[39m [90m[39m
[38;5;186m[92ef0d00][0m[38;5;86m[HTTP][0m [37m-->[39m [37mPOST[39m [37m/wd/hub/session/92ef0d00-b4fe-4637-8d4c-8cd8456c3c08/timeouts[39m [90m{"implicit":50}[39m
[38;5;186m[92ef0d00][0m[38;5;86m[HTTP][0m [37m<-- POST /wd/hub/session/92ef0d00-b4fe-4637-8d4c-8cd8456c3c08/timeouts [39m[32m200[39m [90m1 ms - 14[39m [90m[39m
[38;5;186m[92ef0d00][0m[38;5;86m[HTTP][0m [37m-->[39m [37mGET[39m [37m/wd/hub/session/92ef0d00-b4fe-4637-8d4c-8cd8456c3c08/window/rect[39m [90m{}[39m
[38;5;186m[92ef0d00][0m[38;5;86m[HTTP][0m [37m<-- GET /wd/hub/session/92ef0d00-b4fe-4637-8d4c-8cd8456c3c08/window/rect [39m[32m200[39m [90m98 ms - 50[39m [90m[39m
[38;5;186m[92ef0d00][0m[38;5;86m[HTTP][0m [37m-->[39m [37mPOST[39m [37m/wd/hub/session/92ef0d00-b4fe-4637-8d4c-8cd8456c3c08/elements[39m [90m{"using":"xpath","value":"//*[@class = 'android.widget.EditText' and @index = '4' and @resource-id = 'com.avinashproduct.todo:id/edtTask']"}[39m
[38;5;186m[92ef0d00][0m[38;5;86m[HTTP][0m [37m<-- POST /wd/hub/session/92ef0d00-b4fe-4637-8d4c-8cd8456c3c08/elements [39m[32m200[39m [90m592 ms - 139[39m [90m[39m
[38;5;186m[92ef0d00][0m[38;5;86m[HTTP][0m [37m-->[39m [37mGET[39m [37m/wd/hub/session/92ef0d00-b4fe-4637-8d4c-8cd8456c3c08/element/00000000-0000-0343-ffff-ffff00000060/location[39m [90m{}[39m
[38;5;186m[92ef0d00][0m[38;5;-7m[AndroidUiautomator2Driver@150f][0m Driver proxy active, passing request on via HTTP proxy
[38;5;186m[92ef0d00][0m[38;5;-7m[AndroidUiautomator2Driver@150f][0m Replacing sessionId 00694322-4777-4c98-904d-8c7630fb184c with 92ef0d00-b4fe-4637-8d4c-8cd8456c3c08
[38;5;186m[92ef0d00][0m[38;5;86m[HTTP][0m [37m<-- GET /wd/hub/session/92ef0d00-b4fe-4637-8d4c-8cd8456c3c08/element/00000000-0000-0343-ffff-ffff00000060/location [39m[32m200[39m [90m20 ms - 77[39m [90m[39m
[38;5;186m[92ef0d00][0m[38;5;86m[HTTP][0m [37m-->[39m [37mPOST[39m [37m/wd/hub/session/92ef0d00-b4fe-4637-8d4c-8cd8456c3c08/timeouts[39m [90m{"implicit":30000}[39m
[38;5;186m[92ef0d00][0m[38;5;86m[HTTP][0m [37m<-- POST /wd/hub/session/92ef0d00-b4fe-4637-8d4c-8cd8456c3c08/timeouts [39m[32m200[39m [90m0 ms - 14[39m [90m[39m
[38;5;186m[92ef0d00][0m[38;5;86m[HTTP][0m [37m-->[39m [37mPOST[39m [37m/wd/hub/session/92ef0d00-b4fe-4637-8d4c-8cd8456c3c08/element/00000000-0000-0343-ffff-ffff00000060/clear[39m [90m{"id":"00000000-0000-0343-ffff-ffff00000060"}[39m
[38;5;186m[92ef0d00][0m[38;5;86m[HTTP][0m [37m<-- POST /wd/hub/session/92ef0d00-b4fe-4637-8d4c-8cd8456c3c08/element/00000000-0000-0343-ffff-ffff00000060/clear [39m[32m200[39m [90m26 ms - 14[39m [90m[39m
[38;5;186m[92ef0d00][0m[38;5;86m[HTTP][0m [37m-->[39m [37mPOST[39m [37m/wd/hub/session/92ef0d00-b4fe-4637-8d4c-8cd8456c3c08/element/00000000-0000-0343-ffff-ffff00000060/click[39m [90m{"id":"00000000-0000-0343-ffff-ffff00000060"}[39m
[38;5;186m[92ef0d00][0m[38;5;86m[HTTP][0m [37m<-- POST /wd/hub/session/92ef0d00-b4fe-4637-8d4c-8cd8456c3c08/element/00000000-0000-0343-ffff-ffff00000060/click [39m[32m200[39m [90m1181 ms - 14[39m [90m[39m
[38;5;186m[92ef0d00][0m[38;5;86m[HTTP][0m [37m-->[39m [37mPOST[39m [37m/wd/hub/session/92ef0d00-b4fe-4637-8d4c-8cd8456c3c08/element/00000000-0000-0343-ffff-ffff00000060/value[39m [90m{"id":"00000000-0000-0343-ffff-ffff00000060","text":"Mobile Automation","value":["M","o","b","i","l","e"," ","A","u","t","o","m","a","t","i","o","n"]}[39m
[38;5;186m[92ef0d00][0m[38;5;86m[HTTP][0m [37m<-- POST /wd/hub/session/92ef0d00-b4fe-4637-8d4c-8cd8456c3c08/element/00000000-0000-0343-ffff-ffff00000060/value [39m[32m200[39m [90m673 ms - 14[39m [90m[39m
[38;5;186m[92ef0d00][0m[38;5;86m[HTTP][0m [37m-->[39m [37mPOST[39m [37m/wd/hub/session/92ef0d00-b4fe-4637-8d4c-8cd8456c3c08/timeouts[39m [90m{"implicit":50}[39m
[38;5;186m[92ef0d00][0m[38;5;86m[HTTP][0m [37m<-- POST /wd/hub/session/92ef0d00-b4fe-4637-8d4c-8cd8456c3c08/timeouts [39m[32m200[39m [90m1 ms - 14[39m [90m[39m
[38;5;186m[92ef0d00][0m[38;5;86m[HTTP][0m [37m-->[39m [37mGET[39m [37m/wd/hub/session/92ef0d00-b4fe-4637-8d4c-8cd8456c3c08/window/rect[39m [90m{}[39m
[38;5;186m[92ef0d00][0m[38;5;86m[HTTP][0m [37m<-- GET /wd/hub/session/92ef0d00-b4fe-4637-8d4c-8cd8456c3c08/window/rect [39m[32m200[39m [90m16 ms - 50[39m [90m[39m
[38;5;186m[92ef0d00][0m[38;5;86m[HTTP][0m [37m-->[39m [37mPOST[39m [37m/wd/hub/session/92ef0d00-b4fe-4637-8d4c-8cd8456c3c08/elements[39m [90m{"using":"xpath","value":"//*[@class = 'android.widget.EditText' and @index = '0' and @resource-id = 'com.avinashproduct.todo:id/edtSetDate']"}[39m
[38;5;186m[92ef0d00][0m[38;5;86m[HTTP][0m [37m<-- POST /wd/hub/session/92ef0d00-b4fe-4637-8d4c-8cd8456c3c08/elements [39m[32m200[39m [90m723 ms - 139[39m [90m[39m
[38;5;186m[92ef0d00][0m[38;5;86m[HTTP][0m [37m-->[39m [37mGET[39m [37m/wd/hub/session/92ef0d00-b4fe-4637-8d4c-8cd8456c3c08/element/00000000-0000-0343-ffff-ffff00000067/location[39m [90m{}[39m
[38;5;186m[92ef0d00][0m[38;5;-7m[AndroidUiautomator2Driver@150f][0m Driver proxy active, passing request on via HTTP proxy
[38;5;186m[92ef0d00][0m[38;5;-7m[AndroidUiautomator2Driver@150f][0m Replacing sessionId 00694322-4777-4c98-904d-8c7630fb184c with 92ef0d00-b4fe-4637-8d4c-8cd8456c3c08
[38;5;186m[92ef0d00][0m[38;5;86m[HTTP][0m [37m<-- GET /wd/hub/session/92ef0d00-b4fe-4637-8d4c-8cd8456c3c08/element/00000000-0000-0343-ffff-ffff00000067/location [39m[32m200[39m [90m21 ms - 77[39m [90m[39m
[38;5;186m[92ef0d00][0m[38;5;86m[HTTP][0m [37m-->[39m [37mPOST[39m [37m/wd/hub/session/92ef0d00-b4fe-4637-8d4c-8cd8456c3c08/timeouts[39m [90m{"implicit":30000}[39m
[38;5;186m[92ef0d00][0m[38;5;86m[HTTP][0m [37m<-- POST /wd/hub/session/92ef0d00-b4fe-4637-8d4c-8cd8456c3c08/timeouts [39m[32m200[39m [90m0 ms - 14[39m [90m[39m
[38;5;186m[92ef0d00][0m[38;5;86m[HTTP][0m [37m-->[39m [37mPOST[39m [37m/wd/hub/session/92ef0d00-b4fe-4637-8d4c-8cd8456c3c08/element/00000000-0000-0343-ffff-ffff00000067/click[39m [90m{"id":"00000000-0000-0343-ffff-ffff00000067"}[39m
[38;5;186m[92ef0d00][0m[38;5;86m[HTTP][0m [37m<-- POST /wd/hub/session/92ef0d00-b4fe-4637-8d4c-8cd8456c3c08/element/00000000-0000-0343-ffff-ffff00000067/click [39m[32m200[39m [90m1304 ms - 14[39m [90m[39m
[38;5;186m[92ef0d00][0m[38;5;86m[HTTP][0m [37m-->[39m [37mPOST[39m [37m/wd/hub/session/92ef0d00-b4fe-4637-8d4c-8cd8456c3c08/timeouts[39m [90m{"implicit":50}[39m
[38;5;186m[92ef0d00][0m[38;5;86m[HTTP][0m [37m<-- POST /wd/hub/session/92ef0d00-b4fe-4637-8d4c-8cd8456c3c08/timeouts [39m[32m200[39m [90m1 ms - 14[39m [90m[39m
[38;5;186m[92ef0d00][0m[38;5;86m[HTTP][0m [37m-->[39m [37mGET[39m [37m/wd/hub/session/92ef0d00-b4fe-4637-8d4c-8cd8456c3c08/window/rect[39m [90m{}[39m
[38;5;186m[92ef0d00][0m[38;5;86m[HTTP][0m [37m<-- GET /wd/hub/session/92ef0d00-b4fe-4637-8d4c-8cd8456c3c08/window/rect [39m[32m200[39m [90m14 ms - 50[39m [90m[39m
[38;5;186m[92ef0d00][0m[38;5;86m[HTTP][0m [37m-->[39m [37mPOST[39m [37m/wd/hub/session/92ef0d00-b4fe-4637-8d4c-8cd8456c3c08/elements[39m [90m{"using":"xpath","value":"//*[@class = 'android.view.View' and (@text = '16' or . = '16')]"}[39m
[38;5;186m[92ef0d00][0m[38;5;86m[HTTP][0m [37m<-- POST /wd/hub/session/92ef0d00-b4fe-4637-8d4c-8cd8456c3c08/elements [39m[32m200[39m [90m200 ms - 139[39m [90m[39m
[38;5;186m[92ef0d00][0m[38;5;86m[HTTP][0m [37m-->[39m [37mGET[39m [37m/wd/hub/session/92ef0d00-b4fe-4637-8d4c-8cd8456c3c08/element/00000000-0000-0344-0000-001000000097/location[39m [90m{}[39m
[38;5;186m[92ef0d00][0m[38;5;-7m[AndroidUiautomator2Driver@150f][0m Driver proxy active, passing request on via HTTP proxy
[38;5;186m[92ef0d00][0m[38;5;-7m[AndroidUiautomator2Driver@150f][0m Replacing sessionId 00694322-4777-4c98-904d-8c7630fb184c with 92ef0d00-b4fe-4637-8d4c-8cd8456c3c08
[38;5;186m[92ef0d00][0m[38;5;86m[HTTP][0m [37m<-- GET /wd/hub/session/92ef0d00-b4fe-4637-8d4c-8cd8456c3c08/element/00000000-0000-0344-0000-001000000097/location [39m[32m200[39m [90m19 ms - 79[39m [90m[39m
[38;5;186m[92ef0d00][0m[38;5;86m[HTTP][0m [37m-->[39m [37mPOST[39m [37m/wd/hub/session/92ef0d00-b4fe-4637-8d4c-8cd8456c3c08/timeouts[39m [90m{"implicit":30000}[39m
[38;5;186m[92ef0d00][0m[38;5;86m[HTTP][0m [37m<-- POST /wd/hub/session/92ef0d00-b4fe-4637-8d4c-8cd8456c3c08/timeouts [39m[32m200[39m [90m0 ms - 14[39m [90m[39m
[38;5;186m[92ef0d00][0m[38;5;86m[HTTP][0m [37m-->[39m [37mPOST[39m [37m/wd/hub/session/92ef0d00-b4fe-4637-8d4c-8cd8456c3c08/element/00000000-0000-0344-0000-001000000097/click[39m [90m{"id":"00000000-0000-0344-0000-001000000097"}[39m
[38;5;186m[92ef0d00][0m[38;5;86m[HTTP][0m [37m<-- POST /wd/hub/session/92ef0d00-b4fe-4637-8d4c-8cd8456c3c08/element/00000000-0000-0344-0000-001000000097/click [39m[32m200[39m [90m649 ms - 14[39m [90m[39m
[38;5;186m[92ef0d00][0m[38;5;86m[HTTP][0m [37m-->[39m [37mPOST[39m [37m/wd/hub/session/92ef0d00-b4fe-4637-8d4c-8cd8456c3c08/timeouts[39m [90m{"implicit":50}[39m
[38;5;186m[92ef0d00][0m[38;5;86m[HTTP][0m [37m<-- POST /wd/hub/session/92ef0d00-b4fe-4637-8d4c-8cd8456c3c08/timeouts [39m[32m200[39m [90m1 ms - 14[39m [90m[39m
[38;5;186m[92ef0d00][0m[38;5;86m[HTTP][0m [37m-->[39m [37mGET[39m [37m/wd/hub/session/92ef0d00-b4fe-4637-8d4c-8cd8456c3c08/window/rect[39m [90m{}[39m
[38;5;186m[92ef0d00][0m[38;5;86m[HTTP][0m [37m<-- GET /wd/hub/session/92ef0d00-b4fe-4637-8d4c-8cd8456c3c08/window/rect [39m[32m200[39m [90m15 ms - 50[39m [90m[39m
[38;5;186m[92ef0d00][0m[38;5;86m[HTTP][0m [37m-->[39m [37mPOST[39m [37m/wd/hub/session/92ef0d00-b4fe-4637-8d4c-8cd8456c3c08/elements[39m [90m{"using":"xpath","value":"//*[@class = 'android.widget.Button' and (@text = 'OK' or . = 'OK') and @resource-id = 'android:id/button1']"}[39m
[38;5;186m[92ef0d00][0m[38;5;86m[HTTP][0m [37m<-- POST /wd/hub/session/92ef0d00-b4fe-4637-8d4c-8cd8456c3c08/elements [39m[32m200[39m [90m231 ms - 139[39m [90m[39m
[38;5;186m[92ef0d00][0m[38;5;86m[HTTP][0m [37m-->[39m [37mGET[39m [37m/wd/hub/session/92ef0d00-b4fe-4637-8d4c-8cd8456c3c08/element/00000000-0000-0344-ffff-ffff00000095/location[39m [90m{}[39m
[38;5;186m[92ef0d00][0m[38;5;-7m[AndroidUiautomator2Driver@150f][0m Driver proxy active, passing request on via HTTP proxy
[38;5;186m[92ef0d00][0m[38;5;-7m[AndroidUiautomator2Driver@150f][0m Replacing sessionId 00694322-4777-4c98-904d-8c7630fb184c with 92ef0d00-b4fe-4637-8d4c-8cd8456c3c08
[38;5;186m[92ef0d00][0m[38;5;86m[HTTP][0m [37m<-- GET /wd/hub/session/92ef0d00-b4fe-4637-8d4c-8cd8456c3c08/element/00000000-0000-0344-ffff-ffff00000095/location [39m[32m200[39m [90m607 ms - 79[39m [90m[39m
[38;5;186m[92ef0d00][0m[38;5;86m[HTTP][0m [37m-->[39m [37mPOST[39m [37m/wd/hub/session/92ef0d00-b4fe-4637-8d4c-8cd8456c3c08/timeouts[39m [90m{"implicit":30000}[39m
[38;5;186m[92ef0d00][0m[38;5;86m[HTTP][0m [37m<-- POST /wd/hub/session/92ef0d00-b4fe-4637-8d4c-8cd8456c3c08/timeouts [39m[32m200[39m [90m0 ms - 14[39m [90m[39m
[38;5;186m[92ef0d00][0m[38;5;86m[HTTP][0m [37m-->[39m [37mPOST[39m [37m/wd/hub/session/92ef0d00-b4fe-4637-8d4c-8cd8456c3c08/element/00000000-0000-0344-ffff-ffff00000095/click[39m [90m{"id":"00000000-0000-0344-ffff-ffff00000095"}[39m
[38;5;186m[92ef0d00][0m[38;5;86m[HTTP][0m [37m<-- POST /wd/hub/session/92ef0d00-b4fe-4637-8d4c-8cd8456c3c08/element/00000000-0000-0344-ffff-ffff00000095/click [39m[32m200[39m [90m78 ms - 14[39m [90m[39m
[38;5;186m[92ef0d00][0m[38;5;86m[HTTP][0m [37m-->[39m [37mPOST[39m [37m/wd/hub/session/92ef0d00-b4fe-4637-8d4c-8cd8456c3c08/timeouts[39m [90m{"implicit":50}[39m
[38;5;186m[92ef0d00][0m[38;5;86m[HTTP][0m [37m<-- POST /wd/hub/session/92ef0d00-b4fe-4637-8d4c-8cd8456c3c08/timeouts [39m[32m200[39m [90m1 ms - 14[39m [90m[39m
[38;5;186m[92ef0d00][0m[38;5;86m[HTTP][0m [37m-->[39m [37mGET[39m [37m/wd/hub/session/92ef0d00-b4fe-4637-8d4c-8cd8456c3c08/window/rect[39m [90m{}[39m
[38;5;186m[92ef0d00][0m[38;5;86m[HTTP][0m [37m<-- GET /wd/hub/session/92ef0d00-b4fe-4637-8d4c-8cd8456c3c08/window/rect [39m[32m200[39m [90m14 ms - 50[39m [90m[39m
[38;5;186m[92ef0d00][0m[38;5;86m[HTTP][0m [37m-->[39m [37mPOST[39m [37m/wd/hub/session/92ef0d00-b4fe-4637-8d4c-8cd8456c3c08/elements[39m [90m{"using":"xpath","value":"//*[@class = 'android.widget.EditText' and @index = '0' and @resource-id = 'com.avinashproduct.todo:id/edtSetTime']"}[39m
[38;5;186m[92ef0d00][0m[38;5;86m[HTTP][0m [37m<-- POST /wd/hub/session/92ef0d00-b4fe-4637-8d4c-8cd8456c3c08/elements [39m[32m200[39m [90m362 ms - 139[39m [90m[39m
[38;5;186m[92ef0d00][0m[38;5;86m[HTTP][0m [37m-->[39m [37mGET[39m [37m/wd/hub/session/92ef0d00-b4fe-4637-8d4c-8cd8456c3c08/element/00000000-0000-0343-ffff-ffff0000006a/location[39m [90m{}[39m
[38;5;186m[92ef0d00][0m[38;5;-7m[AndroidUiautomator2Driver@150f][0m Driver proxy active, passing request on via HTTP proxy
[38;5;186m[92ef0d00][0m[38;5;-7m[AndroidUiautomator2Driver@150f][0m Replacing sessionId 00694322-4777-4c98-904d-8c7630fb184c with 92ef0d00-b4fe-4637-8d4c-8cd8456c3c08
[38;5;186m[92ef0d00][0m[38;5;86m[HTTP][0m [37m<-- GET /wd/hub/session/92ef0d00-b4fe-4637-8d4c-8cd8456c3c08/element/00000000-0000-0343-ffff-ffff0000006a/location [39m[32m200[39m [90m764 ms - 77[39m [90m[39m
[38;5;186m[92ef0d00][0m[38;5;86m[HTTP][0m [37m-->[39m [37mPOST[39m [37m/wd/hub/session/92ef0d00-b4fe-4637-8d4c-8cd8456c3c08/timeouts[39m [90m{"implicit":30000}[39m
[38;5;186m[92ef0d00][0m[38;5;86m[HTTP][0m [37m<-- POST /wd/hub/session/92ef0d00-b4fe-4637-8d4c-8cd8456c3c08/timeouts [39m[32m200[39m [90m0 ms - 14[39m [90m[39m
[38;5;186m[92ef0d00][0m[38;5;86m[HTTP][0m [37m-->[39m [37mPOST[39m [37m/wd/hub/session/92ef0d00-b4fe-4637-8d4c-8cd8456c3c08/element/00000000-0000-0343-ffff-ffff0000006a/click[39m [90m{"id":"00000000-0000-0343-ffff-ffff0000006a"}[39m
[38;5;186m[92ef0d00][0m[38;5;86m[HTTP][0m [37m<-- POST /wd/hub/session/92ef0d00-b4fe-4637-8d4c-8cd8456c3c08/element/00000000-0000-0343-ffff-ffff0000006a/click [39m[32m200[39m [90m120 ms - 14[39m [90m[39m
[38;5;186m[92ef0d00][0m[38;5;86m[HTTP][0m [37m-->[39m [37mPOST[39m [37m/wd/hub/session/92ef0d00-b4fe-4637-8d4c-8cd8456c3c08/timeouts[39m [90m{"implicit":50}[39m
[38;5;186m[92ef0d00][0m[38;5;86m[HTTP][0m [37m<-- POST /wd/hub/session/92ef0d00-b4fe-4637-8d4c-8cd8456c3c08/timeouts [39m[32m200[39m [90m1 ms - 14[39m [90m[39m
[38;5;186m[92ef0d00][0m[38;5;86m[HTTP][0m [37m-->[39m [37mGET[39m [37m/wd/hub/session/92ef0d00-b4fe-4637-8d4c-8cd8456c3c08/window/rect[39m [90m{}[39m
[38;5;186m[92ef0d00][0m[38;5;86m[HTTP][0m [37m<-- GET /wd/hub/session/92ef0d00-b4fe-4637-8d4c-8cd8456c3c08/window/rect [39m[32m200[39m [90m13 ms - 50[39m [90m[39m
[38;5;186m[92ef0d00][0m[38;5;86m[HTTP][0m [37m-->[39m [37mPOST[39m [37m/wd/hub/session/92ef0d00-b4fe-4637-8d4c-8cd8456c3c08/elements[39m [90m{"using":"xpath","value":"//*[@class = 'android.widget.ImageButton' and @resource-id = 'android:id/toggle_mode' and (@text = '' or . = '')]"}[39m
[38;5;186m[92ef0d00][0m[38;5;86m[HTTP][0m [37m<-- POST /wd/hub/session/92ef0d00-b4fe-4637-8d4c-8cd8456c3c08/elements [39m[32m200[39m [90m917 ms - 139[39m [90m[39m
[38;5;186m[92ef0d00][0m[38;5;86m[HTTP][0m [37m-->[39m [37mGET[39m [37m/wd/hub/session/92ef0d00-b4fe-4637-8d4c-8cd8456c3c08/element/00000000-0000-0345-ffff-ffff000000bf/location[39m [90m{}[39m
[38;5;186m[92ef0d00][0m[38;5;-7m[AndroidUiautomator2Driver@150f][0m Driver proxy active, passing request on via HTTP proxy
[38;5;186m[92ef0d00][0m[38;5;-7m[AndroidUiautomator2Driver@150f][0m Replacing sessionId 00694322-4777-4c98-904d-8c7630fb184c with 92ef0d00-b4fe-4637-8d4c-8cd8456c3c08
[38;5;186m[92ef0d00][0m[38;5;86m[HTTP][0m [37m<-- GET /wd/hub/session/92ef0d00-b4fe-4637-8d4c-8cd8456c3c08/element/00000000-0000-0345-ffff-ffff000000bf/location [39m[32m200[39m [90m28 ms - 79[39m [90m[39m
[38;5;186m[92ef0d00][0m[38;5;86m[HTTP][0m [37m-->[39m [37mPOST[39m [37m/wd/hub/session/92ef0d00-b4fe-4637-8d4c-8cd8456c3c08/timeouts[39m [90m{"implicit":30000}[39m
[38;5;186m[92ef0d00][0m[38;5;86m[HTTP][0m [37m<-- POST /wd/hub/session/92ef0d00-b4fe-4637-8d4c-8cd8456c3c08/timeouts [39m[32m200[39m [90m0 ms - 14[39m [90m[39m
[38;5;186m[92ef0d00][0m[38;5;86m[HTTP][0m [37m-->[39m [37mPOST[39m [37m/wd/hub/session/92ef0d00-b4fe-4637-8d4c-8cd8456c3c08/element/00000000-0000-0345-ffff-ffff000000bf/click[39m [90m{"id":"00000000-0000-0345-ffff-ffff000000bf"}[39m
[38;5;186m[92ef0d00][0m[38;5;86m[HTTP][0m [37m<-- POST /wd/hub/session/92ef0d00-b4fe-4637-8d4c-8cd8456c3c08/element/00000000-0000-0345-ffff-ffff000000bf/click [39m[32m200[39m [90m863 ms - 14[39m [90m[39m
[38;5;186m[92ef0d00][0m[38;5;86m[HTTP][0m [37m-->[39m [37mPOST[39m [37m/wd/hub/session/92ef0d00-b4fe-4637-8d4c-8cd8456c3c08/timeouts[39m [90m{"implicit":50}[39m
[38;5;186m[92ef0d00][0m[38;5;86m[HTTP][0m [37m<-- POST /wd/hub/session/92ef0d00-b4fe-4637-8d4c-8cd8456c3c08/timeouts [39m[32m200[39m [90m1 ms - 14[39m [90m[39m
[38;5;186m[92ef0d00][0m[38;5;86m[HTTP][0m [37m-->[39m [37mGET[39m [37m/wd/hub/session/92ef0d00-b4fe-4637-8d4c-8cd8456c3c08/window/rect[39m [90m{}[39m
[38;5;186m[92ef0d00][0m[38;5;86m[HTTP][0m [37m<-- GET /wd/hub/session/92ef0d00-b4fe-4637-8d4c-8cd8456c3c08/window/rect [39m[32m200[39m [90m14 ms - 50[39m [90m[39m
[38;5;186m[92ef0d00][0m[38;5;86m[HTTP][0m [37m-->[39m [37mPOST[39m [37m/wd/hub/session/92ef0d00-b4fe-4637-8d4c-8cd8456c3c08/elements[39m [90m{"using":"xpath","value":"//*[@class = 'android.widget.EditText' and @index = '0' and @resource-id = 'android:id/input_hour']"}[39m
[38;5;186m[92ef0d00][0m[38;5;86m[HTTP][0m [37m<-- POST /wd/hub/session/92ef0d00-b4fe-4637-8d4c-8cd8456c3c08/elements [39m[32m200[39m [90m80 ms - 139[39m [90m[39m
[38;5;186m[92ef0d00][0m[38;5;86m[HTTP][0m [37m-->[39m [37mGET[39m [37m/wd/hub/session/92ef0d00-b4fe-4637-8d4c-8cd8456c3c08/element/00000000-0000-0345-ffff-ffff000000b7/location[39m [90m{}[39m
[38;5;186m[92ef0d00][0m[38;5;-7m[AndroidUiautomator2Driver@150f][0m Driver proxy active, passing request on via HTTP proxy
[38;5;186m[92ef0d00][0m[38;5;-7m[AndroidUiautomator2Driver@150f][0m Replacing sessionId 00694322-4777-4c98-904d-8c7630fb184c with 92ef0d00-b4fe-4637-8d4c-8cd8456c3c08
[38;5;186m[92ef0d00][0m[38;5;86m[HTTP][0m [37m<-- GET /wd/hub/session/92ef0d00-b4fe-4637-8d4c-8cd8456c3c08/element/00000000-0000-0345-ffff-ffff000000b7/location [39m[32m200[39m [90m27 ms - 79[39m [90m[39m
[38;5;186m[92ef0d00][0m[38;5;86m[HTTP][0m [37m-->[39m [37mPOST[39m [37m/wd/hub/session/92ef0d00-b4fe-4637-8d4c-8cd8456c3c08/timeouts[39m [90m{"implicit":30000}[39m
[38;5;186m[92ef0d00][0m[38;5;86m[HTTP][0m [37m<-- POST /wd/hub/session/92ef0d00-b4fe-4637-8d4c-8cd8456c3c08/timeouts [39m[32m200[39m [90m0 ms - 14[39m [90m[39m
[38;5;186m[92ef0d00][0m[38;5;86m[HTTP][0m [37m-->[39m [37mPOST[39m [37m/wd/hub/session/92ef0d00-b4fe-4637-8d4c-8cd8456c3c08/element/00000000-0000-0345-ffff-ffff000000b7/clear[39m [90m{"id":"00000000-0000-0345-ffff-ffff000000b7"}[39m
[38;5;186m[92ef0d00][0m[38;5;86m[HTTP][0m [37m<-- POST /wd/hub/session/92ef0d00-b4fe-4637-8d4c-8cd8456c3c08/element/00000000-0000-0345-ffff-ffff000000b7/clear [39m[32m200[39m [90m19 ms - 14[39m [90m[39m
[38;5;186m[92ef0d00][0m[38;5;86m[HTTP][0m [37m-->[39m [37mPOST[39m [37m/wd/hub/session/92ef0d00-b4fe-4637-8d4c-8cd8456c3c08/element/00000000-0000-0345-ffff-ffff000000b7/click[39m [90m{"id":"00000000-0000-0345-ffff-ffff000000b7"}[39m
[38;5;186m[92ef0d00][0m[38;5;86m[HTTP][0m [37m<-- POST /wd/hub/session/92ef0d00-b4fe-4637-8d4c-8cd8456c3c08/element/00000000-0000-0345-ffff-ffff000000b7/click [39m[32m200[39m [90m926 ms - 14[39m [90m[39m
[38;5;186m[92ef0d00][0m[38;5;86m[HTTP][0m [37m-->[39m [37mPOST[39m [37m/wd/hub/session/92ef0d00-b4fe-4637-8d4c-8cd8456c3c08/element/00000000-0000-0345-ffff-ffff000000b7/value[39m [90m{"id":"00000000-0000-0345-ffff-ffff000000b7","text":"10","value":["1","0"]}[39m
[38;5;86m[HTTP][0m [37m<-- POST /wd/hub/session/92ef0d00-b4fe-4637-8d4c-8cd8456c3c08/element/00000000-0000-0345-ffff-ffff000000b7/value [39m[32m-[39m [90m- ms - -[39m [90m[39m
[38;5;186m[92ef0d00][0m[38;5;-7m[AndroidUiautomator2Driver@150f][0m Got response with status 404: {"sessionId":"00694322-4777-4c98-904d-8c7630fb184c","value":{"error":"stale element reference","message":"Cached elements 'By.xpath: //*[@class = 'android.widget.EditText' and @index = '0' and @resource-id = 'android:id/input_hour']' do not exist in DOM anymore","stacktrace":"io.appium.uiautomator2.common.exceptions.StaleElementReferenceException: Cached elements 'By.xpath: //*[@class = 'android.widget.EditText' and @index = '0' and @resource-id = 'android:id/input_hour']' do not exist in DOM anymore\n\tat io.appium.uiautomator2.model.ElementsCache.restore(ElementsCache.java:78)\n\tat io.appium.uiautomator2.model.ElementsCache.get(ElementsCache.java:153)\n\tat io.appium.uiautomator2.handler.SendKeysToElement.safeHandle(SendKeysToElement.java:104)\n\tat io.appium.uiautomator2.handler.request.SafeRequestHandler.handle(SafeRequestHandler.java:59)\n\tat io.appium.uiautomator2.server.AppiumServlet.handleRequest(AppiumServlet.java:259)\n\tat io.appium.uiautomator2.server.AppiumServlet.handleHttpRequest(AppiumSer...
[38;5;186m[92ef0d00][0m[38;5;-7m[AndroidUiautomator2Driver@150f][0m Shutting down because we waited 1800 seconds for a command
[38;5;186m[92ef0d00][0m[38;5;157m[AppiumDriver@e309][0m Ending session, cause was 'New Command Timeout of 1800 seconds expired. Try customizing the timeout using the 'newCommandTimeout' desired capability'
[38;5;186m[92ef0d00][0m[38;5;157m[AppiumDriver@e309][0m Removing session '92ef0d00-b4fe-4637-8d4c-8cd8456c3c08' from our master session list
[38;5;186m[92ef0d00][0m[38;5;-7m[AndroidUiautomator2Driver@150f][0m Did not get confirmation UiAutomator2 deleteSession worked; Error was: UnknownError: An unknown server-side error occurred while processing the command. Original error: 'DELETE /' cannot be proxied to UiAutomator2 server because the instrumentation process is not running (probably crashed). Check the server log and/or the logcat output for more details
[38;5;186m[92ef0d00][0m[38;5;229m[ADB][0m com.avinashproduct.todo was successfully uninstalled
[38;5;186m[92ef0d00][0m[38;5;-7m[AndroidUiautomator2Driver@150f][0m Restoring hidden api policy to the device default configuration
